<?xml version="1.0" encoding="UTF-8"?>
<testng-results ignored="0" total="1" passed="1" failed="0" skipped="0">
  <reporter-output>
  </reporter-output>
  <suite started-at="2024-09-11T20:55:38 IST" name="Suite" finished-at="2024-09-11T20:56:04 IST" duration-ms="26057">
    <groups>
    </groups>
    <test started-at="2024-09-11T20:55:38 IST" name="Testng" finished-at="2024-09-11T20:56:04 IST" duration-ms="26057">
      <class name="testscript.AdminUsersTest">
        <test-method is-config="true" signature="intialiseBrowser(java.lang.String)[pri:0, instance:testscript.AdminUsersTest@69504ae9]" started-at="2024-09-11T20:55:39 IST" name="intialiseBrowser" finished-at="2024-09-11T20:55:51 IST" duration-ms="11842" status="PASS">
          <params>
            <param index="0">
              <value>
                <![CDATA[Chrome]]>
              </value>
            </param>
          </params>
          <reporter-output>
          </reporter-output>
        </test-method> <!-- intialiseBrowser -->
        <test-method signature="verifyUserIsAbleToAddAdminUsers()[pri:0, instance:testscript.AdminUsersTest@69504ae9]" started-at="2024-09-11T20:55:51 IST" name="verifyUserIsAbleToAddAdminUsers" description="To verify user is able to add new admin users in the adminuserspage" finished-at="2024-09-11T20:56:00 IST" duration-ms="9716" status="PASS">
          <reporter-output>
          </reporter-output>
        </test-method> <!-- verifyUserIsAbleToAddAdminUsers -->
        <test-method is-config="true" signature="browserQuit(org.testng.ITestResult)[pri:0, instance:testscript.AdminUsersTest@69504ae9]" started-at="2024-09-11T20:56:00 IST" name="browserQuit" finished-at="2024-09-11T20:56:04 IST" duration-ms="4032" status="PASS">
          <params>
            <param index="0">
              <value>
                <![CDATA[[TestResult name=verifyUserIsAbleToAddAdminUsers status=SUCCESS method=AdminUsersTest.verifyUserIsAbleToAddAdminUsers()[pri:0, instance:testscript.AdminUsersTest@69504ae9] output={null}]]]>
              </value>
            </param>
          </params>
          <reporter-output>
          </reporter-output>
        </test-method> <!-- browserQuit -->
      </class> <!-- testscript.AdminUsersTest -->
    </test> <!-- Testng -->
  </suite> <!-- Suite -->
</testng-results>
