<?xml version="1.0" encoding="UTF-8"?>
<!-- Generated by org.testng.reporters.JUnitXMLReporter -->
<testsuite ignored="0" hostname="DESKTOP-9QTIESN" failures="0" tests="4" name="Testng" time="43.388" errors="0" timestamp="2024-08-28T14:30:35 IST">
  <testcase classname="testscript.LoginTest" name="VerifyTheUserIsAbleToLoginUsingInvalidUsernameAndInvalidPassword" time="1.254"/>
  <testcase classname="testscript.LoginTest" name="VerifyTheUserIsAbleToLoginUsingInvalidUsernameAndValidPassword" time="1.159"/>
  <testcase classname="testscript.LoginTest" name="VerifyTheUserIsAbleToLoginUsingValidCredentials" time="3.28"/>
  <testcase classname="testscript.LoginTest" name="VerifyTheUserIsAbleToLoginUsingvalidUsernameAndInvalidPassword" time="3.216"/>
</testsuite> <!-- Testng -->
